#-----------------------------------------------------------
# Vivado v2016.2 (64-bit)
# SW Build 1577090 on Thu Jun  2 16:32:40 MDT 2016
# IP Build 1577682 on Fri Jun  3 12:00:54 MDT 2016
# Start of session at: Tue Jul 23 00:08:48 2024
# Process ID: 13608
# Current directory: C:/Users/flandc/OneDrive/MyFiles/@RPI/@Fall 2023/CoCO/Vivado_Projects/studio_5
# Command line: vivado.exe -gui_launcher_event rodinguilauncherevent26000 C:\Users\flandc\OneDrive\MyFiles\@RPI\@Fall 2023\CoCO\Vivado_Projects\studio_5\studio_5.xpr
# Log file: C:/Users/flandc/OneDrive/MyFiles/@RPI/@Fall 2023/CoCO/Vivado_Projects/studio_5/vivado.log
# Journal file: C:/Users/flandc/OneDrive/MyFiles/@RPI/@Fall 2023/CoCO/Vivado_Projects/studio_5\vivado.jou
#-----------------------------------------------------------
start_gui
open_project {C:/Users/flandc/OneDrive/MyFiles/@RPI/@Fall 2023/CoCO/Vivado_Projects/studio_5/studio_5.xpr}
INFO: [Project 1-313] Project file moved from 'C:/Users/flandc/OneDrive/MyFiles/@RPI/CoCO/Vivado_Projects/studio_5' since last save.
Scanning sources...
Finished scanning sources
INFO: [IP_Flow 19-234] Refreshing IP repositories
INFO: [IP_Flow 19-1704] No user IP repositories specified
INFO: [IP_Flow 19-2313] Loaded Vivado IP repository 'C:/Xilinx/Vivado/2016.2/data/ip'.
update_compile_order -fileset sources_1
